
Showing logs for build [32myurigo79-environment-scale-jx-s-bhjqm-1[0m stage [32mfrom-build-pack[0m and container [32mstep-credential-initializer-t6cxx[0m
{"level":"warn","ts":1583453077.5559027,"logger":"fallback-logger","caller":"logging/config.go:69","msg":"Fetch GitHub commit ID from kodata failed: \"ref: refs/heads/0.8.0-**-support-backwards-incompats\" is not a valid GitHub commit ID"}
{"level":"info","ts":1583453077.5564032,"logger":"fallback-logger","caller":"creds-init/main.go:40","msg":"Credentials initialized."}

Showing logs for build [32myurigo79-environment-scale-jx-s-bhjqm-1[0m stage [32mfrom-build-pack[0m and container [32mstep-working-dir-initializer-5r4bz[0m
{"level":"warn","ts":1583453078.5428905,"logger":"fallback-logger","caller":"logging/config.go:69","msg":"Fetch GitHub commit ID from kodata failed: open /var/run/ko/HEAD: no such file or directory"}
{"level":"info","ts":1583453078.5457547,"logger":"fallback-logger","caller":"bash/main.go:64","msg":"Successfully executed command \"sh -c mkdir -p /workspace/source\"; output "}

Showing logs for build [32myurigo79-environment-scale-jx-s-bhjqm-1[0m stage [32mfrom-build-pack[0m and container [32mstep-place-tools[0m

Showing logs for build [32myurigo79-environment-scale-jx-s-bhjqm-1[0m stage [32mfrom-build-pack[0m and container [32mstep-git-source-yurigo79-environment-scale-jx-s-bhjqm-g9dq4[0m
{"level":"warn","ts":1583453107.6242661,"logger":"fallback-logger","caller":"logging/config.go:69","msg":"Fetch GitHub commit ID from kodata failed: \"ref: refs/heads/0.8.0-**-support-backwards-incompats\" is not a valid GitHub commit ID"}
{"level":"info","ts":1583453108.039922,"logger":"fallback-logger","caller":"git/git.go:103","msg":"Successfully cloned https://github.com/********/environment-scale-**-staging.git @ v0.0.1 in path /workspace/source"}

Showing logs for build [32myurigo79-environment-scale-jx-s-bhjqm-1[0m stage [32mfrom-build-pack[0m and container [32mstep-git-merge[0m
Using SHAs from PULL_REFS=master:b75c99a3d978415d94f84797d0464be9b49859e0
WARNING: no SHAs to merge, falling back to initial cloned commit

Showing logs for build [32myurigo79-environment-scale-jx-s-bhjqm-1[0m stage [32mfrom-build-pack[0m and container [32mstep-setup-jx-git-credentials[0m
Generated Git credentials file /builder/home/git/credentials

Showing logs for build [32myurigo79-environment-scale-jx-s-bhjqm-1[0m stage [32mfrom-build-pack[0m and container [32mstep-build-helm-apply[0m
Modified file /workspace/source/env/Chart.yaml to set the chart to version 1
Namespace **-staging created 
Ignoring templates/.gitignore
Ignoring templates/wildcardcert-secret.yaml
WARNING: No $CHART_REPOSITORY defined so using the default value of: http://jenkins-x-chartmuseum:8080
Adding missing Helm repo: storage.googleapis.com https://storage.googleapis.com/chartmuseum.jenkins-x.io
Successfully added Helm repository storage.googleapis.com.
Adding missing Helm repo: jenkins-x-chartmuseum http://jenkins-x-chartmuseum:8080
Successfully added Helm repository jenkins-x-chartmuseum.
WARNING: No $CHART_REPOSITORY defined so using the default value of: http://jenkins-x-chartmuseum:8080
Adding missing Helm repo: chartmuseum.jenkins-x.io http://chartmuseum.jenkins-x.io
Successfully added Helm repository chartmuseum.jenkins-x.io.

