
Showing logs for build [32myurigo79-environment-scale-jx-s-l5zf2-1[0m stage [32mfrom-build-pack[0m and container [32mstep-credential-initializer-n7gpq[0m
{"level":"warn","ts":1583452933.643882,"logger":"fallback-logger","caller":"logging/config.go:69","msg":"Fetch GitHub commit ID from kodata failed: \"ref: refs/heads/0.8.0-**-support-backwards-incompats\" is not a valid GitHub commit ID"}
{"level":"info","ts":1583452933.6839721,"logger":"fallback-logger","caller":"creds-init/main.go:40","msg":"Credentials initialized."}

Showing logs for build [32myurigo79-environment-scale-jx-s-l5zf2-1[0m stage [32mfrom-build-pack[0m and container [32mstep-working-dir-initializer-dvvxv[0m
{"level":"warn","ts":1583452935.3921545,"logger":"fallback-logger","caller":"logging/config.go:69","msg":"Fetch GitHub commit ID from kodata failed: open /var/run/ko/HEAD: no such file or directory"}
{"level":"info","ts":1583452935.443881,"logger":"fallback-logger","caller":"bash/main.go:64","msg":"Successfully executed command \"sh -c mkdir -p /workspace/source\"; output "}

Showing logs for build [32myurigo79-environment-scale-jx-s-l5zf2-1[0m stage [32mfrom-build-pack[0m and container [32mstep-place-tools[0m

Showing logs for build [32myurigo79-environment-scale-jx-s-l5zf2-1[0m stage [32mfrom-build-pack[0m and container [32mstep-git-source-yurigo79-environment-scale-jx-s-l5zf2-6j5wt[0m
{"level":"warn","ts":1583452940.8083289,"logger":"fallback-logger","caller":"logging/config.go:69","msg":"Fetch GitHub commit ID from kodata failed: \"ref: refs/heads/0.8.0-**-support-backwards-incompats\" is not a valid GitHub commit ID"}
{"level":"info","ts":1583452941.3288853,"logger":"fallback-logger","caller":"git/git.go:103","msg":"Successfully cloned https://github.com/********/environment-scale-**-staging.git @ master in path /workspace/source"}

Showing logs for build [32myurigo79-environment-scale-jx-s-l5zf2-1[0m stage [32mfrom-build-pack[0m and container [32mstep-git-merge[0m
Using SHAs from PULL_REFS=master:4d58efbfdbf9518a51180df04d5aeb39ebab424a,1:4cbf2cd84b6e5733657cf7dbc85d74380aa03603
DEBUG: LC_ALL=C JX_LOG_LEVEL=error git fetch origin --unshallow 4cbf2cd84b6e5733657cf7dbc85d74380aa03603: 4d58efbfdbf9518a51180df04d5aeb39ebab424a:
DEBUG: ran git fetch --unshallow origin 4cbf2cd84b6e5733657cf7dbc85d74380aa03603: 4d58efbfdbf9518a51180df04d5aeb39ebab424a: in 
DEBUG: LC_ALL=C JX_LOG_LEVEL=error git branch
DEBUG: LC_ALL=C JX_LOG_LEVEL=error git checkout master
DEBUG: ran git checkout master in 
DEBUG: LC_ALL=C JX_LOG_LEVEL=error git reset --hard 4d58efbfdbf9518a51180df04d5aeb39ebab424a
DEBUG: ran git reset --hard 4d58efbfdbf9518a51180df04d5aeb39ebab424a in 
DEBUG: LC_ALL=C JX_LOG_LEVEL=error git clean -fd .
DEBUG: ran clean --force -d . in 
DEBUG: LC_ALL=C JX_LOG_LEVEL=error git merge 4cbf2cd84b6e5733657cf7dbc85d74380aa03603
DEBUG: ran git merge 4cbf2cd84b6e5733657cf7dbc85d74380aa03603 in 
DEBUG: LC_ALL=C JX_LOG_LEVEL=error git log --format=%H%x1f%an%x1f%ae%x1f%cn%x1f%ce%x1f%s%n%b%x1e 4d58efbfdbf9518a51180df04d5aeb39ebab424a..HEAD
Merged SHA 4cbf2cd84b6e5733657cf7dbc85d74380aa03603 with commit message 'chore: Promote scale-**-workshop-quickstart to version 0.0.1' into base branch master

Showing logs for build [32myurigo79-environment-scale-jx-s-l5zf2-1[0m stage [32mfrom-build-pack[0m and container [32mstep-build-helm-build[0m
WARNING: No $CHART_REPOSITORY defined so using the default value of: http://jenkins-x-chartmuseum:8080
Adding missing Helm repo: storage.googleapis.com https://storage.googleapis.com/chartmuseum.jenkins-x.io
Successfully added Helm repository storage.googleapis.com.
Adding missing Helm repo: jenkins-x-chartmuseum http://jenkins-x-chartmuseum:8080
Successfully added Helm repository jenkins-x-chartmuseum.
WARNING: No $CHART_REPOSITORY defined so using the default value of: http://jenkins-x-chartmuseum:8080
Adding missing Helm repo: chartmuseum.jenkins-x.io http://chartmuseum.jenkins-x.io
Successfully added Helm repository chartmuseum.jenkins-x.io.
